<?xml version="1.0" encoding="UTF-8"?>
<!-- Generated by org.testng.reporters.JUnitReportReporter -->
<testsuite skipped="0" hostname="ISW-ENGR-AE2" name="TestCases.DisputeApprovalTest" tests="1" failures="0" timestamp="03 Dec 2019 14:35:06 GMT" time="22.756" errors="0">
  <testcase name="DisputeApproveCheck" time="22.756" classname="TestCases.DisputeApprovalTest"/>
</testsuite> <!-- TestCases.DisputeApprovalTest -->
