<?xml version="1.0" encoding="UTF-8"?>
<!-- Generated by org.testng.reporters.JUnitReportReporter -->
<testsuite skipped="0" hostname="ISW-ENGR-AE2" name="Reusable.BaseTest" tests="1" failures="0" timestamp="26 Nov 2019 09:49:14 GMT" time="11.437" errors="0">
  <testcase name="Login" time="11.437" classname="Reusable.BaseTest"/>
</testsuite> <!-- Reusable.BaseTest -->
