<?xml version="1.0" encoding="UTF-8"?>
<!-- Generated by org.testng.reporters.JUnitReportReporter -->
<testsuite skipped="0" hostname="ISW-ENGR-AE2" name="TestCases.IssuerLoginTest" tests="1" failures="0" timestamp="03 Dec 2019 14:12:38 GMT" time="26.501" errors="0">
  <testcase name="IssuerLoginValidate" time="26.501" classname="TestCases.IssuerLoginTest"/>
</testsuite> <!-- TestCases.IssuerLoginTest -->
