<?xml version="1.0" encoding="UTF-8"?>
<!-- Generated by org.testng.reporters.JUnitReportReporter -->
<testsuite skipped="0" hostname="ISW-ENGR-AE2" name="TestCases.LoginTest" tests="1" failures="0" timestamp="26 Nov 2019 07:04:34 GMT" time="16.622" errors="0">
  <testcase name="LoginValidate" time="16.622" classname="TestCases.LoginTest"/>
</testsuite> <!-- TestCases.LoginTest -->
