<?xml version="1.0" encoding="UTF-8"?>
<!-- Generated by org.testng.reporters.JUnitReportReporter -->
<testsuite skipped="0" hostname="ISW-ENGR-AE2" name="TestCases.SecondIssuerLoginTest" tests="1" failures="0" timestamp="03 Dec 2019 14:12:38 GMT" time="29.544" errors="0">
  <testcase name="SecondIssuerLoginValidate" time="29.544" classname="TestCases.SecondIssuerLoginTest"/>
</testsuite> <!-- TestCases.SecondIssuerLoginTest -->
