<?xml version="1.0" encoding="UTF-8"?>
<!-- Generated by org.testng.reporters.JUnitReportReporter -->
<testsuite skipped="0" hostname="ISW-ENGR-AE2" name="TestCases.CardIReissuanceRequestTest" tests="1" failures="0" timestamp="29 Oct 2019 09:30:41 GMT" time="18.063" errors="0">
  <testcase name="NewIssuanceValidate" time="18.063" classname="TestCases.CardIReissuanceRequestTest"/>
</testsuite> <!-- TestCases.CardIReissuanceRequestTest -->
