<?xml version="1.0" encoding="UTF-8"?>
<!-- Generated by org.testng.reporters.JUnitReportReporter -->
<testsuite skipped="0" hostname="RenAyobamiEL" name="TestCases.agentloginSuccessTest" tests="1" failures="0" timestamp="02 Aug 2020 15:04:24 GMT" time="17.940" errors="0">
  <testcase name="loginCheck" time="17.940" classname="TestCases.agentloginSuccessTest"/>
</testsuite> <!-- TestCases.agentloginSuccessTest -->
