<?xml version="1.0" encoding="UTF-8"?>
<!-- Generated by org.testng.reporters.JUnitReportReporter -->
<testsuite skipped="0" hostname="RenAyobamiEL" name="TestCases.agentViewTest" tests="1" failures="0" timestamp="27 Jul 2020 17:29:39 GMT" time="28.279" errors="0">
  <testcase name="agentViewcheck" time="28.279" classname="TestCases.agentViewTest"/>
</testsuite> <!-- TestCases.agentViewTest -->
