<?xml version="1.0" encoding="UTF-8"?>
<!-- Generated by org.testng.reporters.JUnitReportReporter -->
<testsuite skipped="0" hostname="RenAyobamiEL" name="TestCases.IncorrectLoginTest" tests="1" failures="0" timestamp="26 Jan 2020 08:56:18 GMT" time="14.317" errors="0">
  <testcase name="AcquirerLoginValidate" time="14.317" classname="TestCases.IncorrectLoginTest"/>
</testsuite> <!-- TestCases.IncorrectLoginTest -->
