<?xml version="1.0" encoding="UTF-8"?>
<!-- Generated by org.testng.reporters.JUnitReportReporter -->
<testsuite skipped="0" hostname="Ayobamis-MacBook-Pro.local" name="TestCases.createAdvancedSalesTest" tests="1" failures="0" timestamp="30 Sep 2020 09:15:17 GMT" time="23.010" errors="0">
  <testcase name="createSimpleSalesCheck" time="23.010" classname="TestCases.createAdvancedSalesTest"/>
</testsuite> <!-- TestCases.createAdvancedSalesTest -->
