<?xml version="1.0" encoding="UTF-8"?>
<!-- Generated by org.testng.reporters.JUnitReportReporter -->
<testsuite skipped="0" hostname="RenAyobamiEL" name="TestCases.ViewMerchantTest" tests="1" failures="0" timestamp="25 Jun 2020 12:31:00 GMT" time="19.985" errors="0">
  <testcase name="ViewMerchant" time="19.985" classname="TestCases.ViewMerchantTest"/>
</testsuite> <!-- TestCases.ViewMerchantTest -->
