<?xml version="1.0" encoding="UTF-8"?>
<!-- Generated by org.testng.reporters.JUnitReportReporter -->
<testsuite skipped="0" hostname="ISW-ENGR-AE2" name="TestCases.DisputeCreationTest" tests="1" failures="0" timestamp="03 Dec 2019 14:30:44 GMT" time="29.946" errors="0">
  <testcase name="CreateValidateCheck" time="29.946" classname="TestCases.DisputeCreationTest"/>
</testsuite> <!-- TestCases.DisputeCreationTest -->
