<?xml version="1.0" encoding="UTF-8"?>
<!-- Generated by org.testng.reporters.JUnitReportReporter -->
<testsuite skipped="0" hostname="ISW-ENGR-AE2" name="TestCases.CreateDisputeRegionTest" tests="1" failures="0" timestamp="03 Dec 2019 14:12:38 GMT" time="28.492" errors="0">
  <testcase name="RegionValidate" time="28.492" classname="TestCases.CreateDisputeRegionTest"/>
</testsuite> <!-- TestCases.CreateDisputeRegionTest -->
