<?xml version="1.0" encoding="UTF-8"?>
<!-- Generated by org.testng.reporters.JUnitReportReporter -->
<testsuite skipped="0" hostname="Ayobamis-MacBook-Pro.local" name="TestCases.createSimpleSales" tests="1" failures="0" timestamp="30 Sep 2020 08:05:20 GMT" time="36.297" errors="0">
  <testcase name="createSimpleSalesCheck" time="36.297" classname="TestCases.createSimpleSales"/>
</testsuite> <!-- TestCases.createSimpleSales -->
