<?xml version="1.0" encoding="UTF-8"?>
<!-- Generated by org.testng.reporters.JUnitReportReporter -->
<testsuite skipped="0" hostname="ISW-ENGR-AE2" name="TestCases.CardIssuanceRequestTest" tests="1" failures="0" timestamp="28 Oct 2019 13:28:27 GMT" time="35.876" errors="0">
  <testcase name="NewIssuanceValidate" time="35.876" classname="TestCases.CardIssuanceRequestTest"/>
</testsuite> <!-- TestCases.CardIssuanceRequestTest -->
