<?xml version="1.0" encoding="UTF-8"?>
<!-- Generated by org.testng.reporters.JUnitReportReporter -->
<testsuite skipped="0" hostname="RenAyobamiEL" name="TestCases.createAdvancedSalesTest" tests="1" failures="0" timestamp="02 Aug 2020 16:42:40 GMT" time="31.258" errors="0">
  <testcase name="createSimpleSalesCheck" time="31.258" classname="TestCases.createAdvancedSalesTest"/>
</testsuite> <!-- TestCases.createAdvancedSalesTest -->
