<?xml version="1.0" encoding="UTF-8"?>
<!-- Generated by org.testng.reporters.JUnitReportReporter -->
<testsuite skipped="0" hostname="RenAyobamiEL" name="TestCases.viewShopDashboard" tests="1" failures="0" timestamp="27 Jul 2020 18:02:57 GMT" time="30.768" errors="0">
  <testcase name="viewShopDashboardcheck" time="30.768" classname="TestCases.viewShopDashboard"/>
</testsuite> <!-- TestCases.viewShopDashboard -->
