<?xml version="1.0" encoding="UTF-8"?>
<!-- Generated by org.testng.reporters.JUnitReportReporter -->
<testsuite skipped="0" hostname="RenAyobamiEL" name="TestCases.CreateMenuTest" tests="1" failures="0" timestamp="20 Mar 2020 11:09:02 GMT" time="27.270" errors="0">
  <testcase name="PermissionValidate" time="27.270" classname="TestCases.CreateMenuTest"/>
</testsuite> <!-- TestCases.CreateMenuTest -->
