<?xml version="1.0" encoding="UTF-8"?>
<!-- Generated by org.testng.reporters.JUnitReportReporter -->
<testsuite skipped="0" hostname="RenAyobamiEL" name="TestCases.ViewReferralCode" tests="1" failures="0" timestamp="16 Jun 2020 12:51:00 GMT" time="11.612" errors="0">
  <testcase name="LoginSuccess" time="11.612" classname="TestCases.ViewReferralCode"/>
</testsuite> <!-- TestCases.ViewReferralCode -->
