<?xml version="1.0" encoding="UTF-8"?>
<!-- Generated by org.testng.reporters.JUnitReportReporter -->
<testsuite skipped="0" hostname="RenAyobamiEL" name="Reusable.Random2" tests="1" failures="0" timestamp="28 Jan 2020 10:49:42 GMT" time="0.073" errors="0">
  <testcase name="givenUsingJava8_whenGeneratingRandomAlphabeticString_thenCorrect" time="0.073" classname="Reusable.Random2"/>
</testsuite> <!-- Reusable.Random2 -->
