<?xml version="1.0" encoding="UTF-8"?>
<!-- Generated by org.testng.reporters.JUnitReportReporter -->
<testsuite skipped="0" hostname="RenAyobamiEL" name="Reusable.LoginwithInvalidCredentials" tests="1" failures="0" timestamp="26 Jan 2020 08:36:15 GMT" time="0.420" errors="0">
  <testcase name="LoginwithIncorrectCredentials" time="0.420" classname="Reusable.LoginwithInvalidCredentials"/>
</testsuite> <!-- Reusable.LoginwithInvalidCredentials -->
