<?xml version="1.0" encoding="UTF-8"?>
<!-- Generated by org.testng.reporters.JUnitReportReporter -->
<testsuite skipped="0" hostname="RenAyobamiEL" name="TestCases.merchListView" tests="1" failures="0" timestamp="02 Aug 2020 09:22:54 GMT" time="34.049" errors="0">
  <testcase name="merchListViewCheck" time="34.049" classname="TestCases.merchListView"/>
</testsuite> <!-- TestCases.merchListView -->
