<?xml version="1.0" encoding="UTF-8"?>
<!-- Generated by org.testng.reporters.JUnitReportReporter -->
<testsuite skipped="0" hostname="LAPTOP-3FARVQ4Q" name="Reusable.LoginTest" tests="1" failures="0" timestamp="09 Sep 2019 03:14:33 GMT" time="0.004" errors="0">
  <testcase name="SuccessfulLoginTest" time="0.004" classname="Reusable.LoginTest"/>
</testsuite> <!-- Reusable.LoginTest -->
