<?xml version="1.0" encoding="UTF-8"?>
<!-- Generated by org.testng.reporters.JUnitReportReporter -->
<testsuite skipped="0" hostname="RenAyobamiEL" name="TestCases.createAdvancedSales" tests="1" failures="0" timestamp="02 Aug 2020 16:11:07 GMT" time="21.092" errors="0">
  <testcase name="createSimpleSalesCheck" time="21.092" classname="TestCases.createAdvancedSales"/>
</testsuite> <!-- TestCases.createAdvancedSales -->
