<?xml version="1.0" encoding="UTF-8"?>
<!-- Generated by org.testng.reporters.JUnitReportReporter -->
<testsuite skipped="0" hostname="Ayobamis-MacBook-Pro.local" name="TestCases.viewShopDashboardTest" tests="1" failures="0" timestamp="30 Sep 2020 09:19:13 GMT" time="18.430" errors="0">
  <testcase name="viewShopDashboardcheck" time="18.430" classname="TestCases.viewShopDashboardTest"/>
</testsuite> <!-- TestCases.viewShopDashboardTest -->
