<?xml version="1.0" encoding="UTF-8"?>
<!-- Generated by org.testng.reporters.JUnitReportReporter -->
<testsuite skipped="0" hostname="RenAyobamiEL" name="TestCases.ViewReferralCodeTest2" tests="2" failures="0" timestamp="09 Jul 2020 12:36:57 GMT" time="34.110" errors="0">
  <testcase name="LoginCheck" time="33.989" classname="TestCases.ViewReferralCodeTest2"/>
  <testcase name="ViewRerralCode" time="0.121" classname="TestCases.ViewReferralCodeTest2"/>
</testsuite> <!-- TestCases.ViewReferralCodeTest2 -->
