<?xml version="1.0" encoding="UTF-8"?>
<!-- Generated by org.testng.reporters.JUnitReportReporter -->
<testsuite skipped="0" hostname="RenAyobamiEL" name="TestCases.LoginSuccessTest2" tests="1" failures="0" timestamp="16 Jun 2020 12:11:45 GMT" time="8.524" errors="0">
  <testcase name="LoginSuccess" time="8.524" classname="TestCases.LoginSuccessTest2"/>
</testsuite> <!-- TestCases.LoginSuccessTest2 -->
