<?xml version="1.0" encoding="UTF-8"?>
<!-- Generated by org.testng.reporters.JUnitReportReporter -->
<testsuite skipped="0" hostname="LAPTOP-3FARVQ4Q" name="DigitalLab.WebTest" tests="1" failures="0" timestamp="22 Aug 2019 11:33:14 GMT" time="0.008" errors="0">
  <testcase name="Web" time="0.008" classname="DigitalLab.WebTest"/>
</testsuite> <!-- DigitalLab.WebTest -->
