<?xml version="1.0" encoding="UTF-8"?>
<!-- Generated by org.testng.reporters.JUnitReportReporter -->
<testsuite skipped="0" hostname="RenAyobamiEL" name="TestCases.AddFundTest" tests="1" failures="0" timestamp="25 Jun 2020 12:31:00 GMT" time="30.024" errors="0">
  <testcase name="AddFund" time="30.024" classname="TestCases.AddFundTest"/>
</testsuite> <!-- TestCases.AddFundTest -->
