<?xml version="1.0" encoding="UTF-8"?>
<!-- Generated by org.testng.reporters.JUnitReportReporter -->
<testsuite skipped="0" hostname="RenAyobamiEL" name="TestCases.merchantLoginTest" tests="1" failures="0" timestamp="29 Jul 2020 17:41:22 GMT" time="16.028" errors="0">
  <testcase name="merchantLoginCheck" time="16.028" classname="TestCases.merchantLoginTest"/>
</testsuite> <!-- TestCases.merchantLoginTest -->
