<?xml version="1.0" encoding="UTF-8"?>
<!-- Generated by org.testng.reporters.JUnitReportReporter -->
<testsuite skipped="0" hostname="RenAyobamiEL" name="TestCases.LoginSuccessTest" tests="1" failures="0" timestamp="19 Jul 2020 07:11:35 GMT" time="15.392" errors="0">
  <testcase name="LoginCheck" time="15.392" classname="TestCases.LoginSuccessTest"/>
</testsuite> <!-- TestCases.LoginSuccessTest -->
