<?xml version="1.0" encoding="UTF-8"?>
<!-- Generated by org.testng.reporters.JUnitReportReporter -->
<testsuite skipped="0" hostname="ISW-ENGR-AE2" name="TestCases.ApproveDisputeTest" tests="1" failures="0" timestamp="28 Nov 2019 15:31:10 GMT" time="23.054" errors="0">
  <testcase name="ApproveDisputeCheck" time="23.054" classname="TestCases.ApproveDisputeTest"/>
</testsuite> <!-- TestCases.ApproveDisputeTest -->
