<?xml version="1.0" encoding="UTF-8"?>
<!-- Generated by org.testng.reporters.JUnitReportReporter -->
<testsuite skipped="0" hostname="Ayobamis-MacBook-Pro.local" name="TestCases.merchantSignUpTest" tests="1" failures="0" timestamp="22 Jan 2021 18:51:42 GMT" time="65.031" errors="0">
  <testcase name="signUpStart" time="65.031" classname="TestCases.merchantSignUpTest"/>
</testsuite> <!-- TestCases.merchantSignUpTest -->
