<?xml version="1.0" encoding="UTF-8"?>
<!-- Generated by org.testng.reporters.JUnitReportReporter -->
<testsuite skipped="0" hostname="Ayobamis-MacBook-Pro.local" name="TestCases.merchantLoginSuccess" tests="1" failures="0" timestamp="30 Sep 2020 07:29:08 GMT" time="20.371" errors="0">
  <testcase name="loginCheck" time="20.371" classname="TestCases.merchantLoginSuccess"/>
</testsuite> <!-- TestCases.merchantLoginSuccess -->
