<?xml version="1.0" encoding="UTF-8"?>
<!-- Generated by org.testng.reporters.JUnitReportReporter -->
<testsuite skipped="0" hostname="LAPTOP-3FARVQ4Q" name="Reusable.CreateDepartmentTest" tests="2" failures="0" timestamp="09 Sep 2019 03:17:53 GMT" time="1.872" errors="0">
  <testcase name="CreateDepartment" time="0.001" classname="Reusable.CreateDepartmentTest"/>
  <testcase name="SuccessfulLoginTest" time="1.871" classname="Reusable.CreateDepartmentTest"/>
</testsuite> <!-- Reusable.CreateDepartmentTest -->
