<?xml version="1.0" encoding="UTF-8"?>
<!-- Generated by org.testng.reporters.JUnitReportReporter -->
<testsuite skipped="0" hostname="LAPTOP-3FARVQ4Q" name="stepDefinitions.CreateDepartmentStepDefinition" tests="2" failures="0" timestamp="13 Sep 2019 13:58:58 GMT" time="17.262" errors="0">
  <testcase name="LoginTest" time="0.025" classname="stepDefinitions.CreateDepartmentStepDefinition"/>
  <testcase name="CreateDepartment" time="17.237" classname="stepDefinitions.CreateDepartmentStepDefinition"/>
</testsuite> <!-- stepDefinitions.CreateDepartmentStepDefinition -->
