<?xml version="1.0" encoding="UTF-8"?>
<!-- Generated by org.testng.reporters.JUnitReportReporter -->
<testsuite skipped="0" hostname="RenAyobamiEL" name="TestCases.PermissionCreationTest" tests="1" failures="0" timestamp="02 Mar 2020 08:42:37 GMT" time="25.761" errors="0">
  <testcase name="PermissionValidate" time="25.761" classname="TestCases.PermissionCreationTest"/>
</testsuite> <!-- TestCases.PermissionCreationTest -->
