<?xml version="1.0" encoding="UTF-8"?>
<!-- Generated by org.testng.reporters.JUnitReportReporter -->
<testsuite skipped="0" hostname="RenAyobamiEL" name="TestCases.LoginTest" tests="1" failures="0" timestamp="18 Mar 2020 07:14:56 GMT" time="41.519" errors="0">
  <testcase name="LoginValidate" time="41.519" classname="TestCases.LoginTest"/>
</testsuite> <!-- TestCases.LoginTest -->
