<?xml version="1.0" encoding="UTF-8"?>
<!-- Generated by org.testng.reporters.JUnitReportReporter -->
<testsuite skipped="0" hostname="LAPTOP-3FARVQ4Q" name="DigitalLab.MobileTest" tests="1" failures="0" timestamp="22 Aug 2019 11:33:14 GMT" time="0.005" errors="0">
  <testcase name="Mobile" time="0.005" classname="DigitalLab.MobileTest"/>
</testsuite> <!-- DigitalLab.MobileTest -->
