<?xml version="1.0" encoding="UTF-8"?>
<!-- Generated by org.testng.reporters.JUnitReportReporter -->
<testsuite skipped="0" hostname="RenAyobamiEL" name="TestCases.UpdateInfoTest" tests="1" failures="0" timestamp="01 Jun 2020 17:04:16 GMT" time="13.183" errors="0">
  <testcase name="UpdateInfo" time="13.183" classname="TestCases.UpdateInfoTest"/>
</testsuite> <!-- TestCases.UpdateInfoTest -->
