<?xml version="1.0" encoding="UTF-8"?>
<!-- Generated by org.testng.reporters.JUnitReportReporter -->
<testsuite skipped="0" hostname="Ayobamis-MacBook-Pro.local" name="TestCases.merchantLoginTest" tests="1" failures="0" timestamp="30 Sep 2020 06:45:15 GMT" time="16.290" errors="0">
  <testcase name="merchantLoginCheck" time="16.290" classname="TestCases.merchantLoginTest"/>
</testsuite> <!-- TestCases.merchantLoginTest -->
