<?xml version="1.0" encoding="UTF-8"?>
<!-- Generated by org.testng.reporters.JUnitReportReporter -->
<testsuite skipped="0" hostname="Ayobamis-MacBook-Pro.local" name="TestCases.agentSignUpTest" tests="1" failures="0" timestamp="22 Jan 2021 16:36:18 GMT" time="49.736" errors="0">
  <testcase name="signUpStart" time="49.736" classname="TestCases.agentSignUpTest"/>
</testsuite> <!-- TestCases.agentSignUpTest -->
