<?xml version="1.0" encoding="UTF-8"?>
<!-- Generated by org.testng.reporters.JUnitReportReporter -->
<testsuite skipped="0" hostname="RenAyobamiEL" name="TestCases.merchantLoginTest2" tests="1" failures="0" timestamp="02 Aug 2020 15:01:21 GMT" time="18.599" errors="0">
  <testcase name="merchantLoginCheck" time="18.599" classname="TestCases.merchantLoginTest2"/>
</testsuite> <!-- TestCases.merchantLoginTest2 -->
