<?xml version="1.0" encoding="UTF-8"?>
<!-- Generated by org.testng.reporters.JUnitReportReporter -->
<testsuite skipped="0" hostname="RenAyobamiEL" name="Reusable.LoginwithCorrectCredentials" tests="1" failures="0" timestamp="26 Jan 2020 08:43:35 GMT" time="1.408" errors="0">
  <testcase name="Login" time="1.408" classname="Reusable.LoginwithCorrectCredentials"/>
</testsuite> <!-- Reusable.LoginwithCorrectCredentials -->
