<?xml version="1.0" encoding="UTF-8"?>
<!-- Generated by org.testng.reporters.JUnitReportReporter -->
<testsuite skipped="0" hostname="RenAyobamiEL" name="TestCases.UpdateCustomerInfoTest" tests="1" failures="0" timestamp="06 Jul 2020 16:05:26 GMT" time="20.446" errors="0">
  <testcase name="UpdateCustomerInfo" time="20.446" classname="TestCases.UpdateCustomerInfoTest"/>
</testsuite> <!-- TestCases.UpdateCustomerInfoTest -->
