<?xml version="1.0" encoding="UTF-8"?>
<!-- Generated by org.testng.reporters.JUnitReportReporter -->
<testsuite skipped="0" hostname="Ayobamis-MacBook-Pro.local" name="TestCases.signUpTest" tests="1" failures="0" timestamp="22 Jan 2021 10:52:20 GMT" time="47.850" errors="0">
  <testcase name="signUpStart" time="47.850" classname="TestCases.signUpTest"/>
</testsuite> <!-- TestCases.signUpTest -->
