<?xml version="1.0" encoding="UTF-8"?>
<!-- Generated by org.testng.reporters.JUnitReportReporter -->
<testsuite skipped="0" hostname="Ayobamis-MacBook-Pro.local" name="TestCases.createISimpleSalesTest" tests="1" failures="0" timestamp="30 Sep 2020 08:37:21 GMT" time="28.152" errors="0">
  <testcase name="createSimpleSalesCheck" time="28.152" classname="TestCases.createISimpleSalesTest"/>
</testsuite> <!-- TestCases.createISimpleSalesTest -->
