<?xml version="1.0" encoding="UTF-8"?>
<!-- Generated by org.testng.reporters.JUnitReportReporter -->
<testsuite skipped="0" hostname="RenAyobamiEL" name="Reusable.BaseTest" tests="2" failures="0" timestamp="26 Jan 2020 08:27:51 GMT" time="1.391" errors="0">
  <testcase name="LoginwithIncorrectCredentials" time="0.455" classname="Reusable.BaseTest"/>
  <testcase name="Login" time="0.936" classname="Reusable.BaseTest"/>
</testsuite> <!-- Reusable.BaseTest -->
