<?xml version="1.0" encoding="UTF-8"?>
<!-- Generated by org.testng.reporters.JUnitReportReporter -->
<testsuite skipped="0" hostname="RenAyobamiEL" name="TestCases.MeansofID" tests="1" failures="0" timestamp="30 Apr 2020 20:04:16 GMT" time="29.788" errors="0">
  <testcase name="MeansOfID" time="29.788" classname="TestCases.MeansofID"/>
</testsuite> <!-- TestCases.MeansofID -->
