<?xml version="1.0" encoding="UTF-8"?>
<!-- Generated by org.testng.reporters.JUnitReportReporter -->
<testsuite skipped="0" hostname="Ayobamis-MacBook-Pro.local" name="TestCases.agentloginFailed" tests="1" failures="0" timestamp="30 Sep 2020 07:15:14 GMT" time="10.957" errors="0">
  <testcase name="loginCheck" time="10.957" classname="TestCases.agentloginFailed"/>
</testsuite> <!-- TestCases.agentloginFailed -->
