<?xml version="1.0" encoding="UTF-8"?>
<!-- Generated by org.testng.reporters.JUnitReportReporter -->
<testsuite skipped="0" hostname="RenAyobamiEL" name="TestCases.TransactionTest" tests="1" failures="0" timestamp="24 Jun 2020 09:53:42 GMT" time="19.731" errors="0">
  <testcase name="LoginSuccess" time="19.731" classname="TestCases.TransactionTest"/>
</testsuite> <!-- TestCases.TransactionTest -->
