<?xml version="1.0" encoding="UTF-8"?>
<!-- Generated by org.testng.reporters.JUnitReportReporter -->
<testsuite skipped="0" hostname="RenAyobamiEL" name="TestCases.merchantViewTest" tests="1" failures="0" timestamp="27 Jul 2020 17:25:45 GMT" time="23.596" errors="0">
  <testcase name="merchantViewcheck" time="23.596" classname="TestCases.merchantViewTest"/>
</testsuite> <!-- TestCases.merchantViewTest -->
