<?xml version="1.0" encoding="UTF-8"?>
<!-- Generated by org.testng.reporters.JUnitReportReporter -->
<testsuite skipped="0" hostname="ISW-ENGR-AE2" name="TestCases.DisputeCreationTest2" tests="1" failures="0" timestamp="28 Nov 2019 13:29:18 GMT" time="27.512" errors="0">
  <testcase name="CreateValidateCheck" time="27.512" classname="TestCases.DisputeCreationTest2"/>
</testsuite> <!-- TestCases.DisputeCreationTest2 -->
