<?xml version="1.0" encoding="UTF-8"?>
<!-- Generated by org.testng.reporters.JUnitReportReporter -->
<testsuite skipped="0" hostname="ISW-ENGR-AE2" name="TestCases.SecondDisputeCreationTest" tests="1" failures="0" timestamp="03 Dec 2019 15:03:25 GMT" time="29.304" errors="0">
  <testcase name="SecondCreateValidateCheck" time="29.304" classname="TestCases.SecondDisputeCreationTest"/>
</testsuite> <!-- TestCases.SecondDisputeCreationTest -->
