<?xml version="1.0" encoding="UTF-8"?>
<!-- Generated by org.testng.reporters.JUnitReportReporter -->
<testsuite skipped="0" hostname="RenAyobamiEL" name="TestCases.createSimpleSales" tests="1" failures="0" timestamp="02 Aug 2020 15:04:54 GMT" time="20.258" errors="0">
  <testcase name="createSimpleSalesCheck" time="20.258" classname="TestCases.createSimpleSales"/>
</testsuite> <!-- TestCases.createSimpleSales -->
