<?xml version="1.0" encoding="UTF-8"?>
<!-- Generated by org.testng.reporters.JUnitReportReporter -->
<testsuite skipped="0" hostname="RenAyobamiEL" name="TestCases.LoginSucessTest" tests="1" failures="0" timestamp="30 Apr 2020 09:56:13 GMT" time="17.061" errors="0">
  <testcase name="LoginValidate" time="17.061" classname="TestCases.LoginSucessTest"/>
</testsuite> <!-- TestCases.LoginSucessTest -->
