<?xml version="1.0" encoding="UTF-8"?>
<!-- Generated by org.testng.reporters.JUnitReportReporter -->
<testsuite skipped="0" hostname="RenAyobamiEL" name="TestCases.CorrectLoginTest" tests="1" failures="0" timestamp="26 Jan 2020 08:52:15 GMT" time="15.000" errors="0">
  <testcase name="AcquirerLoginValidate" time="15.000" classname="TestCases.CorrectLoginTest"/>
</testsuite> <!-- TestCases.CorrectLoginTest -->
